<?xml version="1.0" encoding="UTF-8"?>
<testsuite xmlns:xsi="http://www.w3.org/2001/XMLSchema-instance" xsi:noNamespaceSchemaLocation="https://maven.apache.org/surefire/maven-surefire-plugin/xsd/surefire-test-report.xsd" name="org.apache.nifi.processors.ngsi.TestNGSIToPostgreSQL" time="0.209" tests="13" errors="0" skipped="0" failures="0">
  <properties>
    <property name="sun.desktop" value="gnome"/>
    <property name="awt.toolkit" value="sun.awt.X11.XToolkit"/>
    <property name="file.encoding.pkg" value="sun.io"/>
    <property name="java.specification.version" value="1.8"/>
    <property name="sun.cpu.isalist" value=""/>
    <property name="sun.jnu.encoding" value="UTF-8"/>
    <property name="java.class.path" value="/home/amunoz/Desktop/cygnusv2/fiware-cygnus/nifi-ngsi-bundle/nifi-ngsi-processors/target/test-classes:/home/amunoz/Desktop/cygnusv2/fiware-cygnus/nifi-ngsi-bundle/nifi-ngsi-processors/target/classes:/home/amunoz/.m2/repository/org/apache/nifi/nifi-api/1.8.0-SNAPSHOT/nifi-api-1.8.0-SNAPSHOT.jar:/home/amunoz/.m2/repository/org/mongodb/mongo-java-driver/3.2.2/mongo-java-driver-3.2.2.jar:/home/amunoz/.m2/repository/org/apache/nifi/nifi-record-serialization-services/1.8.0-SNAPSHOT/nifi-record-serialization-services-1.8.0-SNAPSHOT.jar:/home/amunoz/.m2/repository/com/jayway/jsonpath/json-path/2.4.0/json-path-2.4.0.jar:/home/amunoz/.m2/repository/net/minidev/json-smart/2.3/json-smart-2.3.jar:/home/amunoz/.m2/repository/net/minidev/accessors-smart/1.2/accessors-smart-1.2.jar:/home/amunoz/.m2/repository/org/ow2/asm/asm/5.0.4/asm-5.0.4.jar:/home/amunoz/.m2/repository/com/fasterxml/jackson/core/jackson-databind/2.9.5/jackson-databind-2.9.5.jar:/home/amunoz/.m2/repository/org/apache/commons/commons-lang3/3.7/commons-lang3-3.7.jar:/home/amunoz/.m2/repository/org/apache/commons/commons-csv/1.4/commons-csv-1.4.jar:/home/amunoz/.m2/repository/com/fasterxml/jackson/dataformat/jackson-dataformat-csv/2.9.2/jackson-dataformat-csv-2.9.2.jar:/home/amunoz/.m2/repository/commons-io/commons-io/2.6/commons-io-2.6.jar:/home/amunoz/.m2/repository/io/krakens/java-grok/0.1.9/java-grok-0.1.9.jar:/home/amunoz/.m2/repository/org/apache/avro/avro/1.8.1/avro-1.8.1.jar:/home/amunoz/.m2/repository/org/codehaus/jackson/jackson-core-asl/1.9.13/jackson-core-asl-1.9.13.jar:/home/amunoz/.m2/repository/org/codehaus/jackson/jackson-mapper-asl/1.9.13/jackson-mapper-asl-1.9.13.jar:/home/amunoz/.m2/repository/com/thoughtworks/paranamer/paranamer/2.7/paranamer-2.7.jar:/home/amunoz/.m2/repository/net/java/dev/stax-utils/stax-utils/20070216/stax-utils-20070216.jar:/home/amunoz/.m2/repository/org/apache/nifi/nifi-mongodb-processors/1.8.0-SNAPSHOT/nifi-mongodb-processors-1.8.0-SNAPSHOT.jar:/home/amunoz/.m2/repository/org/apache/nifi/nifi-utils/1.8.0-SNAPSHOT/nifi-utils-1.8.0-SNAPSHOT.jar:/home/amunoz/.m2/repository/org/apache/nifi/nifi-mock/1.8.0-SNAPSHOT/nifi-mock-1.8.0-SNAPSHOT.jar:/home/amunoz/.m2/repository/org/apache/nifi/nifi-framework-api/1.8.0-SNAPSHOT/nifi-framework-api-1.8.0-SNAPSHOT.jar:/home/amunoz/.m2/repository/org/apache/nifi/nifi-expression-language/1.8.0-SNAPSHOT/nifi-expression-language-1.8.0-SNAPSHOT.jar:/home/amunoz/.m2/repository/org/apache/nifi/nifi-data-provenance-utils/1.8.0-SNAPSHOT/nifi-data-provenance-utils-1.8.0-SNAPSHOT.jar:/home/amunoz/.m2/repository/org/apache/nifi/nifi-properties-loader/1.8.0-SNAPSHOT/nifi-properties-loader-1.8.0-SNAPSHOT.jar:/home/amunoz/.m2/repository/ch/qos/logback/logback-classic/1.2.3/logback-classic-1.2.3.jar:/home/amunoz/.m2/repository/ch/qos/logback/logback-core/1.2.3/logback-core-1.2.3.jar:/home/amunoz/.m2/repository/org/slf4j/slf4j-simple/1.7.25/slf4j-simple-1.7.25.jar:/home/amunoz/.m2/repository/org/slf4j/slf4j-api/1.7.25/slf4j-api-1.7.25.jar:/home/amunoz/.m2/repository/junit/junit/4.12/junit-4.12.jar:/home/amunoz/.m2/repository/org/hamcrest/hamcrest-core/1.3/hamcrest-core-1.3.jar:/home/amunoz/.m2/repository/org/apache/nifi/nifi-processor-utils/1.8.0-SNAPSHOT/nifi-processor-utils-1.8.0-SNAPSHOT.jar:/home/amunoz/.m2/repository/org/apache/nifi/nifi-record-path/1.8.0-SNAPSHOT/nifi-record-path-1.8.0-SNAPSHOT.jar:/home/amunoz/.m2/repository/org/antlr/antlr-runtime/3.5.2/antlr-runtime-3.5.2.jar:/home/amunoz/.m2/repository/org/apache/nifi/nifi-ssl-context-service-api/1.8.0-SNAPSHOT/nifi-ssl-context-service-api-1.8.0-SNAPSHOT.jar:/home/amunoz/.m2/repository/org/apache/nifi/nifi-lookup-service-api/1.8.0-SNAPSHOT/nifi-lookup-service-api-1.8.0-SNAPSHOT.jar:/home/amunoz/.m2/repository/org/apache/nifi/nifi-flowfile-packager/1.8.0-SNAPSHOT/nifi-flowfile-packager-1.8.0-SNAPSHOT.jar:/home/amunoz/.m2/repository/org/apache/commons/commons-compress/1.16.1/commons-compress-1.16.1.jar:/home/amunoz/.m2/repository/org/apache/nifi/nifi-distributed-cache-client-service-api/1.8.0-SNAPSHOT/nifi-distributed-cache-client-service-api-1.8.0-SNAPSHOT.jar:/home/amunoz/.m2/repository/org/apache/nifi/nifi-http-context-map-api/1.8.0-SNAPSHOT/nifi-http-context-map-api-1.8.0-SNAPSHOT.jar:/home/amunoz/.m2/repository/org/apache/nifi/nifi-record-serialization-service-api/1.8.0-SNAPSHOT/nifi-record-serialization-service-api-1.8.0-SNAPSHOT.jar:/home/amunoz/.m2/repository/org/apache/nifi/nifi-proxy-configuration-api/1.8.0-SNAPSHOT/nifi-proxy-configuration-api-1.8.0-SNAPSHOT.jar:/home/amunoz/.m2/repository/org/apache/nifi/nifi-record/1.8.0-SNAPSHOT/nifi-record-1.8.0-SNAPSHOT.jar:/home/amunoz/.m2/repository/org/apache/nifi/nifi-security-utils/1.8.0-SNAPSHOT/nifi-security-utils-1.8.0-SNAPSHOT.jar:/home/amunoz/.m2/repository/commons-codec/commons-codec/1.11/commons-codec-1.11.jar:/home/amunoz/.m2/repository/org/bouncycastle/bcprov-jdk15on/1.59/bcprov-jdk15on-1.59.jar:/home/amunoz/.m2/repository/org/bouncycastle/bcpkix-jdk15on/1.59/bcpkix-jdk15on-1.59.jar:/home/amunoz/.m2/repository/org/apache/nifi/nifi-properties/1.8.0-SNAPSHOT/nifi-properties-1.8.0-SNAPSHOT.jar:/home/amunoz/.m2/repository/org/apache/nifi/nifi-socket-utils/1.8.0-SNAPSHOT/nifi-socket-utils-1.8.0-SNAPSHOT.jar:/home/amunoz/.m2/repository/org/apache/nifi/nifi-logging-utils/1.8.0-SNAPSHOT/nifi-logging-utils-1.8.0-SNAPSHOT.jar:/home/amunoz/.m2/repository/commons-net/commons-net/3.6/commons-net-3.6.jar:/home/amunoz/.m2/repository/org/apache/nifi/nifi-load-distribution-service-api/1.8.0-SNAPSHOT/nifi-load-distribution-service-api-1.8.0-SNAPSHOT.jar:/home/amunoz/.m2/repository/joda-time/joda-time/2.3/joda-time-2.3.jar:/home/amunoz/.m2/repository/org/apache/nifi/nifi-avro-record-utils/1.8.0-SNAPSHOT/nifi-avro-record-utils-1.8.0-SNAPSHOT.jar:/home/amunoz/.m2/repository/org/apache/nifi/nifi-standard-record-utils/1.8.0-SNAPSHOT/nifi-standard-record-utils-1.8.0-SNAPSHOT.jar:/home/amunoz/.m2/repository/org/apache/nifi/nifi-dbcp-service-api/1.8.0-SNAPSHOT/nifi-dbcp-service-api-1.8.0-SNAPSHOT.jar:/home/amunoz/.m2/repository/org/apache/nifi/nifi-distributed-cache-client-service/1.8.0-SNAPSHOT/nifi-distributed-cache-client-service-1.8.0-SNAPSHOT.jar:/home/amunoz/.m2/repository/org/apache/nifi/nifi-distributed-cache-protocol/1.8.0-SNAPSHOT/nifi-distributed-cache-protocol-1.8.0-SNAPSHOT.jar:/home/amunoz/.m2/repository/org/apache/nifi/nifi-ssl-context-service/1.8.0-SNAPSHOT/nifi-ssl-context-service-1.8.0-SNAPSHOT.jar:/home/amunoz/.m2/repository/org/apache/nifi/nifi-standard-prioritizers/1.8.0-SNAPSHOT/nifi-standard-prioritizers-1.8.0-SNAPSHOT.jar:/home/amunoz/.m2/repository/org/apache/nifi/nifi-mock-record-utils/1.8.0-SNAPSHOT/nifi-mock-record-utils-1.8.0-SNAPSHOT.jar:/home/amunoz/.m2/repository/org/apache/nifi/nifi-lookup-services/1.8.0-SNAPSHOT/nifi-lookup-services-1.8.0-SNAPSHOT.jar:/home/amunoz/.m2/repository/org/apache/commons/commons-configuration2/2.1.1/commons-configuration2-2.1.1.jar:/home/amunoz/.m2/repository/commons-logging/commons-logging/1.2/commons-logging-1.2.jar:/home/amunoz/.m2/repository/commons-beanutils/commons-beanutils/1.9.3/commons-beanutils-1.9.3.jar:/home/amunoz/.m2/repository/commons-collections/commons-collections/3.2.2/commons-collections-3.2.2.jar:/home/amunoz/.m2/repository/com/maxmind/geoip2/geoip2/2.1.0/geoip2-2.1.0.jar:/home/amunoz/.m2/repository/com/maxmind/db/maxmind-db/1.0.0/maxmind-db-1.0.0.jar:/home/amunoz/.m2/repository/com/google/http-client/google-http-client/1.19.0/google-http-client-1.19.0.jar:/home/amunoz/.m2/repository/com/squareup/okhttp3/okhttp/3.10.0/okhttp-3.10.0.jar:/home/amunoz/.m2/repository/com/squareup/okio/okio/1.14.0/okio-1.14.0.jar:/home/amunoz/.m2/repository/com/burgstaller/okhttp-digest/1.13/okhttp-digest-1.13.jar:/home/amunoz/.m2/repository/org/apache/nifi/nifi-standard-utils/1.8.0-SNAPSHOT/nifi-standard-utils-1.8.0-SNAPSHOT.jar:/home/amunoz/.m2/repository/com/bazaarvoice/jolt/jolt-core/0.1.0/jolt-core-0.1.0.jar:/home/amunoz/.m2/repository/javax/inject/javax.inject/1/javax.inject-1.jar:/home/amunoz/.m2/repository/com/bazaarvoice/jolt/json-utils/0.1.0/json-utils-0.1.0.jar:/home/amunoz/.m2/repository/com/fasterxml/jackson/core/jackson-core/2.9.5/jackson-core-2.9.5.jar:/home/amunoz/.m2/repository/com/fasterxml/jackson/core/jackson-annotations/2.9.5/jackson-annotations-2.9.5.jar:/home/amunoz/.m2/repository/org/apache/nifi/nifi-schema-registry-service-api/1.8.0-SNAPSHOT/nifi-schema-registry-service-api-1.8.0-SNAPSHOT.jar:/home/amunoz/.m2/repository/org/apache/nifi/nifi-standard-web-test-utils/1.8.0-SNAPSHOT/nifi-standard-web-test-utils-1.8.0-SNAPSHOT.jar:/home/amunoz/.m2/repository/org/json/json/20160810/json-20160810.jar:/home/amunoz/.m2/repository/org/apache/nifi/nifi-standard-processors/1.8.0-SNAPSHOT/nifi-standard-processors-1.8.0-SNAPSHOT.jar:/home/amunoz/.m2/repository/javax/ws/rs/javax.ws.rs-api/2.1/javax.ws.rs-api-2.1.jar:/home/amunoz/.m2/repository/org/bouncycastle/bcpg-jdk15on/1.59/bcpg-jdk15on-1.59.jar:/home/amunoz/.m2/repository/com/jcraft/jsch/0.1.54/jsch-0.1.54.jar:/home/amunoz/.m2/repository/com/jcraft/jzlib/1.1.3/jzlib-1.1.3.jar:/home/amunoz/.m2/repository/org/apache/httpcomponents/httpclient/4.5.5/httpclient-4.5.5.jar:/home/amunoz/.m2/repository/org/apache/httpcomponents/httpcore/4.4.9/httpcore-4.4.9.jar:/home/amunoz/.m2/repository/javax/mail/mail/1.4.7/mail-1.4.7.jar:/home/amunoz/.m2/repository/javax/activation/activation/1.1/activation-1.1.jar:/home/amunoz/.m2/repository/com/github/jponge/lzma-java/1.3/lzma-java-1.3.jar:/home/amunoz/.m2/repository/org/tukaani/xz/1.6/xz-1.6.jar:/home/amunoz/.m2/repository/net/sf/saxon/Saxon-HE/9.6.0-5/Saxon-HE-9.6.0-5.jar:/home/amunoz/.m2/repository/javax/jms/javax.jms-api/2.0.1/javax.jms-api-2.0.1.jar:/home/amunoz/.m2/repository/org/apache/activemq/activemq-client/5.15.3/activemq-client-5.15.3.jar:/home/amunoz/.m2/repository/org/apache/geronimo/specs/geronimo-jms_1.1_spec/1.1.1/geronimo-jms_1.1_spec-1.1.1.jar:/home/amunoz/.m2/repository/org/fusesource/hawtbuf/hawtbuf/1.11/hawtbuf-1.11.jar:/home/amunoz/.m2/repository/org/apache/geronimo/specs/geronimo-j2ee-management_1.1_spec/1.0.1/geronimo-j2ee-management_1.1_spec-1.0.1.jar:/home/amunoz/.m2/repository/org/apache/tika/tika-core/1.17/tika-core-1.17.jar:/home/amunoz/.m2/repository/de/svenkubiak/jBCrypt/0.4.1/jBCrypt-0.4.1.jar:/home/amunoz/.m2/repository/com/google/guava/guava/18.0/guava-18.0.jar:/home/amunoz/.m2/repository/org/xerial/snappy/snappy-java/1.1.2/snappy-java-1.1.2.jar:/home/amunoz/.m2/repository/net/sf/supercsv/super-csv/2.4.0/super-csv-2.4.0.jar:/home/amunoz/.m2/repository/com/fluenda/ParCEFone/1.2.6/ParCEFone-1.2.6.jar:/home/amunoz/.m2/repository/javax/validation/validation-api/1.1.0.Final/validation-api-1.1.0.Final.jar:/home/amunoz/.m2/repository/javax/el/javax.el-api/3.0.0/javax.el-api-3.0.0.jar:/home/amunoz/.m2/repository/com/martiansoftware/macnificent/0.2.0/macnificent-0.2.0.jar:/home/amunoz/.m2/repository/com/github/wnameless/json-flattener/0.5.0/json-flattener-0.5.0.jar:/home/amunoz/.m2/repository/com/eclipsesource/minimal-json/minimal-json/0.9.5/minimal-json-0.9.5.jar:/home/amunoz/.m2/repository/org/apache/commons/commons-text/1.2/commons-text-1.2.jar:/home/amunoz/.m2/repository/org/apache/bval/bval-jsr/1.1.2/bval-jsr-1.1.2.jar:/home/amunoz/.m2/repository/org/apache/bval/bval-core/1.1.2/bval-core-1.1.2.jar:/home/amunoz/.m2/repository/org/apache/calcite/calcite-core/1.12.0/calcite-core-1.12.0.jar:/home/amunoz/.m2/repository/org/apache/calcite/avatica/avatica-core/1.9.0/avatica-core-1.9.0.jar:/home/amunoz/.m2/repository/org/apache/calcite/avatica/avatica-metrics/1.9.0/avatica-metrics-1.9.0.jar:/home/amunoz/.m2/repository/com/google/protobuf/protobuf-java/3.1.0/protobuf-java-3.1.0.jar:/home/amunoz/.m2/repository/org/apache/calcite/calcite-linq4j/1.12.0/calcite-linq4j-1.12.0.jar:/home/amunoz/.m2/repository/commons-dbcp/commons-dbcp/1.4/commons-dbcp-1.4.jar:/home/amunoz/.m2/repository/commons-pool/commons-pool/1.5.4/commons-pool-1.5.4.jar:/home/amunoz/.m2/repository/com/google/code/findbugs/jsr305/3.0.1/jsr305-3.0.1.jar:/home/amunoz/.m2/repository/net/hydromatic/aggdesigner-algorithm/6.0/aggdesigner-algorithm-6.0.jar:/home/amunoz/.m2/repository/commons-lang/commons-lang/2.4/commons-lang-2.4.jar:/home/amunoz/.m2/repository/org/codehaus/janino/janino/2.7.6/janino-2.7.6.jar:/home/amunoz/.m2/repository/org/codehaus/janino/commons-compiler/2.7.6/commons-compiler-2.7.6.jar:/home/amunoz/.m2/repository/com/github/palindromicity/simple-syslog-5424/0.0.5/simple-syslog-5424-0.0.5.jar:/home/amunoz/.m2/repository/org/antlr/antlr4-runtime/4.5/antlr4-runtime-4.5.jar:/home/amunoz/.m2/repository/org/abego/treelayout/org.abego.treelayout.core/1.0.1/org.abego.treelayout.core-1.0.1.jar:/home/amunoz/.m2/repository/org/apache/nifi/nifi-json-utils/1.8.0-SNAPSHOT/nifi-json-utils-1.8.0-SNAPSHOT.jar:/home/amunoz/.m2/repository/org/mockito/mockito-core/1.10.19/mockito-core-1.10.19.jar:/home/amunoz/.m2/repository/org/objenesis/objenesis/2.1/objenesis-2.1.jar:/home/amunoz/.m2/repository/org/codehaus/groovy/groovy-all/2.4.13/groovy-all-2.4.13.jar:"/>
    <property name="java.vm.vendor" value="Oracle Corporation"/>
    <property name="sun.arch.data.model" value="64"/>
    <property name="java.vendor.url" value="http://java.oracle.com/"/>
    <property name="user.timezone" value=""/>
    <property name="java.vm.specification.version" value="1.8"/>
    <property name="os.name" value="Linux"/>
    <property name="user.country" value="US"/>
    <property name="sun.java.launcher" value="SUN_STANDARD"/>
    <property name="sun.boot.library.path" value="/usr/java/jdk1.8.0_161/jre/lib/amd64"/>
    <property name="sun.java.command" value="/home/amunoz/Desktop/cygnusv2/fiware-cygnus/nifi-ngsi-bundle/nifi-ngsi-processors/target/surefire/surefirebooter4556832263939479723.jar /home/amunoz/Desktop/cygnusv2/fiware-cygnus/nifi-ngsi-bundle/nifi-ngsi-processors/target/surefire 2018-09-12T17-11-46_348-jvmRun1 surefire8033007560306551720tmp surefire_01482005619554399148tmp"/>
    <property name="surefire.test.class.path" value="/home/amunoz/Desktop/cygnusv2/fiware-cygnus/nifi-ngsi-bundle/nifi-ngsi-processors/target/test-classes:/home/amunoz/Desktop/cygnusv2/fiware-cygnus/nifi-ngsi-bundle/nifi-ngsi-processors/target/classes:/home/amunoz/.m2/repository/org/apache/nifi/nifi-api/1.8.0-SNAPSHOT/nifi-api-1.8.0-SNAPSHOT.jar:/home/amunoz/.m2/repository/org/mongodb/mongo-java-driver/3.2.2/mongo-java-driver-3.2.2.jar:/home/amunoz/.m2/repository/org/apache/nifi/nifi-record-serialization-services/1.8.0-SNAPSHOT/nifi-record-serialization-services-1.8.0-SNAPSHOT.jar:/home/amunoz/.m2/repository/com/jayway/jsonpath/json-path/2.4.0/json-path-2.4.0.jar:/home/amunoz/.m2/repository/net/minidev/json-smart/2.3/json-smart-2.3.jar:/home/amunoz/.m2/repository/net/minidev/accessors-smart/1.2/accessors-smart-1.2.jar:/home/amunoz/.m2/repository/org/ow2/asm/asm/5.0.4/asm-5.0.4.jar:/home/amunoz/.m2/repository/com/fasterxml/jackson/core/jackson-databind/2.9.5/jackson-databind-2.9.5.jar:/home/amunoz/.m2/repository/org/apache/commons/commons-lang3/3.7/commons-lang3-3.7.jar:/home/amunoz/.m2/repository/org/apache/commons/commons-csv/1.4/commons-csv-1.4.jar:/home/amunoz/.m2/repository/com/fasterxml/jackson/dataformat/jackson-dataformat-csv/2.9.2/jackson-dataformat-csv-2.9.2.jar:/home/amunoz/.m2/repository/commons-io/commons-io/2.6/commons-io-2.6.jar:/home/amunoz/.m2/repository/io/krakens/java-grok/0.1.9/java-grok-0.1.9.jar:/home/amunoz/.m2/repository/org/apache/avro/avro/1.8.1/avro-1.8.1.jar:/home/amunoz/.m2/repository/org/codehaus/jackson/jackson-core-asl/1.9.13/jackson-core-asl-1.9.13.jar:/home/amunoz/.m2/repository/org/codehaus/jackson/jackson-mapper-asl/1.9.13/jackson-mapper-asl-1.9.13.jar:/home/amunoz/.m2/repository/com/thoughtworks/paranamer/paranamer/2.7/paranamer-2.7.jar:/home/amunoz/.m2/repository/net/java/dev/stax-utils/stax-utils/20070216/stax-utils-20070216.jar:/home/amunoz/.m2/repository/org/apache/nifi/nifi-mongodb-processors/1.8.0-SNAPSHOT/nifi-mongodb-processors-1.8.0-SNAPSHOT.jar:/home/amunoz/.m2/repository/org/apache/nifi/nifi-utils/1.8.0-SNAPSHOT/nifi-utils-1.8.0-SNAPSHOT.jar:/home/amunoz/.m2/repository/org/apache/nifi/nifi-mock/1.8.0-SNAPSHOT/nifi-mock-1.8.0-SNAPSHOT.jar:/home/amunoz/.m2/repository/org/apache/nifi/nifi-framework-api/1.8.0-SNAPSHOT/nifi-framework-api-1.8.0-SNAPSHOT.jar:/home/amunoz/.m2/repository/org/apache/nifi/nifi-expression-language/1.8.0-SNAPSHOT/nifi-expression-language-1.8.0-SNAPSHOT.jar:/home/amunoz/.m2/repository/org/apache/nifi/nifi-data-provenance-utils/1.8.0-SNAPSHOT/nifi-data-provenance-utils-1.8.0-SNAPSHOT.jar:/home/amunoz/.m2/repository/org/apache/nifi/nifi-properties-loader/1.8.0-SNAPSHOT/nifi-properties-loader-1.8.0-SNAPSHOT.jar:/home/amunoz/.m2/repository/ch/qos/logback/logback-classic/1.2.3/logback-classic-1.2.3.jar:/home/amunoz/.m2/repository/ch/qos/logback/logback-core/1.2.3/logback-core-1.2.3.jar:/home/amunoz/.m2/repository/org/slf4j/slf4j-simple/1.7.25/slf4j-simple-1.7.25.jar:/home/amunoz/.m2/repository/org/slf4j/slf4j-api/1.7.25/slf4j-api-1.7.25.jar:/home/amunoz/.m2/repository/junit/junit/4.12/junit-4.12.jar:/home/amunoz/.m2/repository/org/hamcrest/hamcrest-core/1.3/hamcrest-core-1.3.jar:/home/amunoz/.m2/repository/org/apache/nifi/nifi-processor-utils/1.8.0-SNAPSHOT/nifi-processor-utils-1.8.0-SNAPSHOT.jar:/home/amunoz/.m2/repository/org/apache/nifi/nifi-record-path/1.8.0-SNAPSHOT/nifi-record-path-1.8.0-SNAPSHOT.jar:/home/amunoz/.m2/repository/org/antlr/antlr-runtime/3.5.2/antlr-runtime-3.5.2.jar:/home/amunoz/.m2/repository/org/apache/nifi/nifi-ssl-context-service-api/1.8.0-SNAPSHOT/nifi-ssl-context-service-api-1.8.0-SNAPSHOT.jar:/home/amunoz/.m2/repository/org/apache/nifi/nifi-lookup-service-api/1.8.0-SNAPSHOT/nifi-lookup-service-api-1.8.0-SNAPSHOT.jar:/home/amunoz/.m2/repository/org/apache/nifi/nifi-flowfile-packager/1.8.0-SNAPSHOT/nifi-flowfile-packager-1.8.0-SNAPSHOT.jar:/home/amunoz/.m2/repository/org/apache/commons/commons-compress/1.16.1/commons-compress-1.16.1.jar:/home/amunoz/.m2/repository/org/apache/nifi/nifi-distributed-cache-client-service-api/1.8.0-SNAPSHOT/nifi-distributed-cache-client-service-api-1.8.0-SNAPSHOT.jar:/home/amunoz/.m2/repository/org/apache/nifi/nifi-http-context-map-api/1.8.0-SNAPSHOT/nifi-http-context-map-api-1.8.0-SNAPSHOT.jar:/home/amunoz/.m2/repository/org/apache/nifi/nifi-record-serialization-service-api/1.8.0-SNAPSHOT/nifi-record-serialization-service-api-1.8.0-SNAPSHOT.jar:/home/amunoz/.m2/repository/org/apache/nifi/nifi-proxy-configuration-api/1.8.0-SNAPSHOT/nifi-proxy-configuration-api-1.8.0-SNAPSHOT.jar:/home/amunoz/.m2/repository/org/apache/nifi/nifi-record/1.8.0-SNAPSHOT/nifi-record-1.8.0-SNAPSHOT.jar:/home/amunoz/.m2/repository/org/apache/nifi/nifi-security-utils/1.8.0-SNAPSHOT/nifi-security-utils-1.8.0-SNAPSHOT.jar:/home/amunoz/.m2/repository/commons-codec/commons-codec/1.11/commons-codec-1.11.jar:/home/amunoz/.m2/repository/org/bouncycastle/bcprov-jdk15on/1.59/bcprov-jdk15on-1.59.jar:/home/amunoz/.m2/repository/org/bouncycastle/bcpkix-jdk15on/1.59/bcpkix-jdk15on-1.59.jar:/home/amunoz/.m2/repository/org/apache/nifi/nifi-properties/1.8.0-SNAPSHOT/nifi-properties-1.8.0-SNAPSHOT.jar:/home/amunoz/.m2/repository/org/apache/nifi/nifi-socket-utils/1.8.0-SNAPSHOT/nifi-socket-utils-1.8.0-SNAPSHOT.jar:/home/amunoz/.m2/repository/org/apache/nifi/nifi-logging-utils/1.8.0-SNAPSHOT/nifi-logging-utils-1.8.0-SNAPSHOT.jar:/home/amunoz/.m2/repository/commons-net/commons-net/3.6/commons-net-3.6.jar:/home/amunoz/.m2/repository/org/apache/nifi/nifi-load-distribution-service-api/1.8.0-SNAPSHOT/nifi-load-distribution-service-api-1.8.0-SNAPSHOT.jar:/home/amunoz/.m2/repository/joda-time/joda-time/2.3/joda-time-2.3.jar:/home/amunoz/.m2/repository/org/apache/nifi/nifi-avro-record-utils/1.8.0-SNAPSHOT/nifi-avro-record-utils-1.8.0-SNAPSHOT.jar:/home/amunoz/.m2/repository/org/apache/nifi/nifi-standard-record-utils/1.8.0-SNAPSHOT/nifi-standard-record-utils-1.8.0-SNAPSHOT.jar:/home/amunoz/.m2/repository/org/apache/nifi/nifi-dbcp-service-api/1.8.0-SNAPSHOT/nifi-dbcp-service-api-1.8.0-SNAPSHOT.jar:/home/amunoz/.m2/repository/org/apache/nifi/nifi-distributed-cache-client-service/1.8.0-SNAPSHOT/nifi-distributed-cache-client-service-1.8.0-SNAPSHOT.jar:/home/amunoz/.m2/repository/org/apache/nifi/nifi-distributed-cache-protocol/1.8.0-SNAPSHOT/nifi-distributed-cache-protocol-1.8.0-SNAPSHOT.jar:/home/amunoz/.m2/repository/org/apache/nifi/nifi-ssl-context-service/1.8.0-SNAPSHOT/nifi-ssl-context-service-1.8.0-SNAPSHOT.jar:/home/amunoz/.m2/repository/org/apache/nifi/nifi-standard-prioritizers/1.8.0-SNAPSHOT/nifi-standard-prioritizers-1.8.0-SNAPSHOT.jar:/home/amunoz/.m2/repository/org/apache/nifi/nifi-mock-record-utils/1.8.0-SNAPSHOT/nifi-mock-record-utils-1.8.0-SNAPSHOT.jar:/home/amunoz/.m2/repository/org/apache/nifi/nifi-lookup-services/1.8.0-SNAPSHOT/nifi-lookup-services-1.8.0-SNAPSHOT.jar:/home/amunoz/.m2/repository/org/apache/commons/commons-configuration2/2.1.1/commons-configuration2-2.1.1.jar:/home/amunoz/.m2/repository/commons-logging/commons-logging/1.2/commons-logging-1.2.jar:/home/amunoz/.m2/repository/commons-beanutils/commons-beanutils/1.9.3/commons-beanutils-1.9.3.jar:/home/amunoz/.m2/repository/commons-collections/commons-collections/3.2.2/commons-collections-3.2.2.jar:/home/amunoz/.m2/repository/com/maxmind/geoip2/geoip2/2.1.0/geoip2-2.1.0.jar:/home/amunoz/.m2/repository/com/maxmind/db/maxmind-db/1.0.0/maxmind-db-1.0.0.jar:/home/amunoz/.m2/repository/com/google/http-client/google-http-client/1.19.0/google-http-client-1.19.0.jar:/home/amunoz/.m2/repository/com/squareup/okhttp3/okhttp/3.10.0/okhttp-3.10.0.jar:/home/amunoz/.m2/repository/com/squareup/okio/okio/1.14.0/okio-1.14.0.jar:/home/amunoz/.m2/repository/com/burgstaller/okhttp-digest/1.13/okhttp-digest-1.13.jar:/home/amunoz/.m2/repository/org/apache/nifi/nifi-standard-utils/1.8.0-SNAPSHOT/nifi-standard-utils-1.8.0-SNAPSHOT.jar:/home/amunoz/.m2/repository/com/bazaarvoice/jolt/jolt-core/0.1.0/jolt-core-0.1.0.jar:/home/amunoz/.m2/repository/javax/inject/javax.inject/1/javax.inject-1.jar:/home/amunoz/.m2/repository/com/bazaarvoice/jolt/json-utils/0.1.0/json-utils-0.1.0.jar:/home/amunoz/.m2/repository/com/fasterxml/jackson/core/jackson-core/2.9.5/jackson-core-2.9.5.jar:/home/amunoz/.m2/repository/com/fasterxml/jackson/core/jackson-annotations/2.9.5/jackson-annotations-2.9.5.jar:/home/amunoz/.m2/repository/org/apache/nifi/nifi-schema-registry-service-api/1.8.0-SNAPSHOT/nifi-schema-registry-service-api-1.8.0-SNAPSHOT.jar:/home/amunoz/.m2/repository/org/apache/nifi/nifi-standard-web-test-utils/1.8.0-SNAPSHOT/nifi-standard-web-test-utils-1.8.0-SNAPSHOT.jar:/home/amunoz/.m2/repository/org/json/json/20160810/json-20160810.jar:/home/amunoz/.m2/repository/org/apache/nifi/nifi-standard-processors/1.8.0-SNAPSHOT/nifi-standard-processors-1.8.0-SNAPSHOT.jar:/home/amunoz/.m2/repository/javax/ws/rs/javax.ws.rs-api/2.1/javax.ws.rs-api-2.1.jar:/home/amunoz/.m2/repository/org/bouncycastle/bcpg-jdk15on/1.59/bcpg-jdk15on-1.59.jar:/home/amunoz/.m2/repository/com/jcraft/jsch/0.1.54/jsch-0.1.54.jar:/home/amunoz/.m2/repository/com/jcraft/jzlib/1.1.3/jzlib-1.1.3.jar:/home/amunoz/.m2/repository/org/apache/httpcomponents/httpclient/4.5.5/httpclient-4.5.5.jar:/home/amunoz/.m2/repository/org/apache/httpcomponents/httpcore/4.4.9/httpcore-4.4.9.jar:/home/amunoz/.m2/repository/javax/mail/mail/1.4.7/mail-1.4.7.jar:/home/amunoz/.m2/repository/javax/activation/activation/1.1/activation-1.1.jar:/home/amunoz/.m2/repository/com/github/jponge/lzma-java/1.3/lzma-java-1.3.jar:/home/amunoz/.m2/repository/org/tukaani/xz/1.6/xz-1.6.jar:/home/amunoz/.m2/repository/net/sf/saxon/Saxon-HE/9.6.0-5/Saxon-HE-9.6.0-5.jar:/home/amunoz/.m2/repository/javax/jms/javax.jms-api/2.0.1/javax.jms-api-2.0.1.jar:/home/amunoz/.m2/repository/org/apache/activemq/activemq-client/5.15.3/activemq-client-5.15.3.jar:/home/amunoz/.m2/repository/org/apache/geronimo/specs/geronimo-jms_1.1_spec/1.1.1/geronimo-jms_1.1_spec-1.1.1.jar:/home/amunoz/.m2/repository/org/fusesource/hawtbuf/hawtbuf/1.11/hawtbuf-1.11.jar:/home/amunoz/.m2/repository/org/apache/geronimo/specs/geronimo-j2ee-management_1.1_spec/1.0.1/geronimo-j2ee-management_1.1_spec-1.0.1.jar:/home/amunoz/.m2/repository/org/apache/tika/tika-core/1.17/tika-core-1.17.jar:/home/amunoz/.m2/repository/de/svenkubiak/jBCrypt/0.4.1/jBCrypt-0.4.1.jar:/home/amunoz/.m2/repository/com/google/guava/guava/18.0/guava-18.0.jar:/home/amunoz/.m2/repository/org/xerial/snappy/snappy-java/1.1.2/snappy-java-1.1.2.jar:/home/amunoz/.m2/repository/net/sf/supercsv/super-csv/2.4.0/super-csv-2.4.0.jar:/home/amunoz/.m2/repository/com/fluenda/ParCEFone/1.2.6/ParCEFone-1.2.6.jar:/home/amunoz/.m2/repository/javax/validation/validation-api/1.1.0.Final/validation-api-1.1.0.Final.jar:/home/amunoz/.m2/repository/javax/el/javax.el-api/3.0.0/javax.el-api-3.0.0.jar:/home/amunoz/.m2/repository/com/martiansoftware/macnificent/0.2.0/macnificent-0.2.0.jar:/home/amunoz/.m2/repository/com/github/wnameless/json-flattener/0.5.0/json-flattener-0.5.0.jar:/home/amunoz/.m2/repository/com/eclipsesource/minimal-json/minimal-json/0.9.5/minimal-json-0.9.5.jar:/home/amunoz/.m2/repository/org/apache/commons/commons-text/1.2/commons-text-1.2.jar:/home/amunoz/.m2/repository/org/apache/bval/bval-jsr/1.1.2/bval-jsr-1.1.2.jar:/home/amunoz/.m2/repository/org/apache/bval/bval-core/1.1.2/bval-core-1.1.2.jar:/home/amunoz/.m2/repository/org/apache/calcite/calcite-core/1.12.0/calcite-core-1.12.0.jar:/home/amunoz/.m2/repository/org/apache/calcite/avatica/avatica-core/1.9.0/avatica-core-1.9.0.jar:/home/amunoz/.m2/repository/org/apache/calcite/avatica/avatica-metrics/1.9.0/avatica-metrics-1.9.0.jar:/home/amunoz/.m2/repository/com/google/protobuf/protobuf-java/3.1.0/protobuf-java-3.1.0.jar:/home/amunoz/.m2/repository/org/apache/calcite/calcite-linq4j/1.12.0/calcite-linq4j-1.12.0.jar:/home/amunoz/.m2/repository/commons-dbcp/commons-dbcp/1.4/commons-dbcp-1.4.jar:/home/amunoz/.m2/repository/commons-pool/commons-pool/1.5.4/commons-pool-1.5.4.jar:/home/amunoz/.m2/repository/com/google/code/findbugs/jsr305/3.0.1/jsr305-3.0.1.jar:/home/amunoz/.m2/repository/net/hydromatic/aggdesigner-algorithm/6.0/aggdesigner-algorithm-6.0.jar:/home/amunoz/.m2/repository/commons-lang/commons-lang/2.4/commons-lang-2.4.jar:/home/amunoz/.m2/repository/org/codehaus/janino/janino/2.7.6/janino-2.7.6.jar:/home/amunoz/.m2/repository/org/codehaus/janino/commons-compiler/2.7.6/commons-compiler-2.7.6.jar:/home/amunoz/.m2/repository/com/github/palindromicity/simple-syslog-5424/0.0.5/simple-syslog-5424-0.0.5.jar:/home/amunoz/.m2/repository/org/antlr/antlr4-runtime/4.5/antlr4-runtime-4.5.jar:/home/amunoz/.m2/repository/org/abego/treelayout/org.abego.treelayout.core/1.0.1/org.abego.treelayout.core-1.0.1.jar:/home/amunoz/.m2/repository/org/apache/nifi/nifi-json-utils/1.8.0-SNAPSHOT/nifi-json-utils-1.8.0-SNAPSHOT.jar:/home/amunoz/.m2/repository/org/mockito/mockito-core/1.10.19/mockito-core-1.10.19.jar:/home/amunoz/.m2/repository/org/objenesis/objenesis/2.1/objenesis-2.1.jar:/home/amunoz/.m2/repository/org/codehaus/groovy/groovy-all/2.4.13/groovy-all-2.4.13.jar:"/>
    <property name="sun.cpu.endian" value="little"/>
    <property name="user.home" value="/home/amunoz"/>
    <property name="user.language" value="en"/>
    <property name="java.specification.vendor" value="Oracle Corporation"/>
    <property name="java.home" value="/usr/java/jdk1.8.0_161/jre"/>
    <property name="basedir" value="/home/amunoz/Desktop/cygnusv2/fiware-cygnus/nifi-ngsi-bundle/nifi-ngsi-processors"/>
    <property name="file.separator" value="/"/>
    <property name="line.separator" value="&#10;"/>
    <property name="java.vm.specification.vendor" value="Oracle Corporation"/>
    <property name="java.specification.name" value="Java Platform API Specification"/>
    <property name="java.awt.graphicsenv" value="sun.awt.X11GraphicsEnvironment"/>
    <property name="java.awt.headless" value="true"/>
    <property name="surefire.real.class.path" value="/home/amunoz/Desktop/cygnusv2/fiware-cygnus/nifi-ngsi-bundle/nifi-ngsi-processors/target/surefire/surefirebooter4556832263939479723.jar"/>
    <property name="sun.boot.class.path" value="/usr/java/jdk1.8.0_161/jre/lib/resources.jar:/usr/java/jdk1.8.0_161/jre/lib/rt.jar:/usr/java/jdk1.8.0_161/jre/lib/sunrsasign.jar:/usr/java/jdk1.8.0_161/jre/lib/jsse.jar:/usr/java/jdk1.8.0_161/jre/lib/jce.jar:/usr/java/jdk1.8.0_161/jre/lib/charsets.jar:/usr/java/jdk1.8.0_161/jre/lib/jfr.jar:/usr/java/jdk1.8.0_161/jre/classes"/>
    <property name="sun.management.compiler" value="HotSpot 64-Bit Tiered Compilers"/>
    <property name="java.runtime.version" value="1.8.0_161-b12"/>
    <property name="java.net.preferIPv4Stack" value="true"/>
    <property name="user.name" value="amunoz"/>
    <property name="path.separator" value=":"/>
    <property name="os.version" value="3.10.0-693.17.1.el7.x86_64"/>
    <property name="java.endorsed.dirs" value="/usr/java/jdk1.8.0_161/jre/lib/endorsed"/>
    <property name="java.runtime.name" value="Java(TM) SE Runtime Environment"/>
    <property name="file.encoding" value="UTF-8"/>
    <property name="java.vm.name" value="Java HotSpot(TM) 64-Bit Server VM"/>
    <property name="localRepository" value="/home/amunoz/.m2/repository"/>
    <property name="java.vendor.url.bug" value="http://bugreport.sun.com/bugreport/"/>
    <property name="java.io.tmpdir" value="/tmp"/>
    <property name="idea.version" value="2017.3.4"/>
    <property name="java.version" value="1.8.0_161"/>
    <property name="user.dir" value="/home/amunoz/Desktop/cygnusv2/fiware-cygnus/nifi-ngsi-bundle/nifi-ngsi-processors"/>
    <property name="os.arch" value="amd64"/>
    <property name="java.vm.specification.name" value="Java Virtual Machine Specification"/>
    <property name="java.awt.printerjob" value="sun.print.PSPrinterJob"/>
    <property name="sun.os.patch.level" value="unknown"/>
    <property name="java.library.path" value="/usr/java/packages/lib/amd64:/usr/lib64:/lib64:/lib:/usr/lib"/>
    <property name="java.vm.info" value="mixed mode"/>
    <property name="java.vendor" value="Oracle Corporation"/>
    <property name="java.vm.version" value="25.161-b12"/>
    <property name="java.ext.dirs" value="/usr/java/jdk1.8.0_161/jre/lib/ext:/usr/java/packages/lib/ext"/>
    <property name="sun.io.unicode.encoding" value="UnicodeLittle"/>
    <property name="java.class.version" value="52.0"/>
  </properties>
  <testcase name="testBuildTableNameRootServicePathDataModelByServicePathNewEncoding" classname="org.apache.nifi.processors.ngsi.TestNGSIToPostgreSQL" time="0.152"/>
  <testcase name="testBuildTableNameNonRootServicePathDataModelByEntityNewEncoding" classname="org.apache.nifi.processors.ngsi.TestNGSIToPostgreSQL" time="0"/>
  <testcase name="testBuildTableNameNonRootServicePathDataModelByServicePathOldEncoding" classname="org.apache.nifi.processors.ngsi.TestNGSIToPostgreSQL" time="0.001"/>
  <testcase name="testBuildTableNameRootServicePathDataModelByEntityNewEncoding" classname="org.apache.nifi.processors.ngsi.TestNGSIToPostgreSQL" time="0.001"/>
  <testcase name="testBuildTableNameRootServicePathDataModelByServicePathOldEncoding" classname="org.apache.nifi.processors.ngsi.TestNGSIToPostgreSQL" time="0.001"/>
  <testcase name="testBuildTableNameNonRootServicePathDataModelByEntityOldEncoding" classname="org.apache.nifi.processors.ngsi.TestNGSIToPostgreSQL" time="0.001"/>
  <testcase name="testBuildTableNameRootServicePathDataModelByEntityOldEncoding" classname="org.apache.nifi.processors.ngsi.TestNGSIToPostgreSQL" time="0.002"/>
  <testcase name="testBuildDBNameNewEncoding" classname="org.apache.nifi.processors.ngsi.TestNGSIToPostgreSQL" time="0.001"/>
  <testcase name="testBuildSchemaNameLength" classname="org.apache.nifi.processors.ngsi.TestNGSIToPostgreSQL" time="0.001"/>
  <testcase name="testBuildDBNameOldEncoding" classname="org.apache.nifi.processors.ngsi.TestNGSIToPostgreSQL" time="0.001"/>
  <testcase name="testBuildTableNameLengthDataModelByServicePath" classname="org.apache.nifi.processors.ngsi.TestNGSIToPostgreSQL" time="0.001"/>
  <testcase name="testBuildTableNameLengthDataModelByEntity" classname="org.apache.nifi.processors.ngsi.TestNGSIToPostgreSQL" time="0"/>
  <testcase name="testBuildTableNameNonRootServicePathDataModelByServicePathNewEncoding" classname="org.apache.nifi.processors.ngsi.TestNGSIToPostgreSQL" time="0.001"/>
</testsuite>